\BOOKMARK [0][-]{chapter*.8}{\376\377\000\332\000v\000o\000d}{}% 1
\BOOKMARK [0][-]{chapter.1}{\376\377\000N\001\033\000j\000a\000k\000\341\000\040\000k\000a\000p\000i\000t\000o\000l\000a}{}% 2
\BOOKMARK [1][-]{section.1.1}{\376\377\000N\001\033\000j\000a\000k\000\341\000\040\000s\000e\000k\000c\000e}{chapter.1}% 3
\BOOKMARK [0][-]{chapter.2}{\376\377\000D\000a\000l\001\141\000\355\000\040\000k\000a\000p\000i\000t\000o\000l\000a}{}% 4
\BOOKMARK [0][-]{chapter*.9}{\376\377\000Z\000\341\000v\001\033\000r}{}% 5
\BOOKMARK [0][-]{chapter*.10}{\376\377\000L\000i\000t\000e\000r\000a\000t\000u\000r\000a}{}% 6
\BOOKMARK [0][-]{appendix.A}{\376\377\000S\000e\000z\000n\000a\000m\000\040\000p\000o\000u\001\176\000i\000t\000\375\000c\000h\000\040\000z\000k\000r\000a\000t\000e\000k}{}% 7
\BOOKMARK [0][-]{appendix.B}{\376\377\000N\000\341\000v\000o\000d\000\040\000k\000\040\000p\000o\000u\001\176\000i\000t\000\355\000\040\000t\000\351\000t\000o\000\040\001\141\000a\000b\000l\000o\000n\000y}{}% 8
\BOOKMARK [1][-]{section.B.1}{\376\377\000V\000\375\000b\001\033\000r\000\040\000z\000\341\000k\000l\000a\000d\000u}{appendix.B}% 9
\BOOKMARK [1][-]{section.B.2}{\376\377\000P\000o\000u\001\176\000i\000t\000\355\000\040\001\141\000a\000b\000l\000o\000n\000y}{appendix.B}% 10
\BOOKMARK [2][-]{subsection.B.2.1}{\376\377\000T\000y\000p\000o\000g\000r\000a\000f\000i\000e}{section.B.2}% 11
\BOOKMARK [2][-]{subsection.B.2.2}{\376\377\000O\000b\000r\000\341\000z\000k\000y}{section.B.2}% 12
\BOOKMARK [3][-]{subsubsection.B.2.2.1}{\376\377\000F\000o\000r\000m\000\341\000t\000y\000\040\000g\000r\000a\000f\000i\000k\000y}{subsection.B.2.2}% 13
\BOOKMARK [3][-]{subsubsection.B.2.2.2}{\376\377\000Z\000\355\000s\000k\000\341\000n\000\355\000\040\000v\000h\000o\000d\000n\000\351\000h\000o\000\040\000f\000o\000r\000m\000\341\000t\000u}{subsection.B.2.2}% 14
\BOOKMARK [3][-]{subsubsection.B.2.2.3}{\376\377\000P\000l\000o\000v\000o\000u\000c\000\355\000\040\000p\000r\000o\000s\000t\001\131\000e\000d\000\355}{subsection.B.2.2}% 15
\BOOKMARK [3][-]{subsubsection.B.2.2.4}{\376\377\000V\000e\000r\000z\000e\000\040\000o\000b\000r\000\341\000z\000k\001\157}{subsection.B.2.2}% 16
\BOOKMARK [2][-]{subsection.B.2.3}{\376\377\000T\000a\000b\000u\000l\000k\000y}{section.B.2}% 17
\BOOKMARK [2][-]{subsection.B.2.4}{\376\377\000L\000i\000t\000e\000r\000a\000t\000u\000r\000a}{section.B.2}% 18
\BOOKMARK [2][-]{subsection.B.2.5}{\376\377\000S\000a\000z\000b\000a\000\040\000U\000R\000L}{section.B.2}% 19
\BOOKMARK [0][-]{appendix.C}{\376\377\000O\000b\000s\000a\000h\000\040\000p\001\131\000i\000l\000o\001\176\000e\000n\000\351\000h\000o\000\040\000C\000D}{}% 20
